2016-07-28 18:07:59,094 - Log4JLogChute initialized using file 'velocity.log'
2016-07-28 18:07:59,095 - Initializing Velocity, Calling init()...
2016-07-28 18:07:59,095 - Starting Apache Velocity v1.7 (compiled: 2010-11-19 12:14:37)
2016-07-28 18:07:59,097 - Default Properties File: org/apache/velocity/runtime/defaults/velocity.properties
2016-07-28 18:07:59,097 - Trying to use logger class org.apache.velocity.runtime.log.AvalonLogChute
2016-07-28 18:07:59,097 - Target log system for org.apache.velocity.runtime.log.AvalonLogChute is not available (java.lang.NoClassDefFoundError: org/apache/log/format/Formatter).  Falling back to next log system...
2016-07-28 18:07:59,097 - Trying to use logger class org.apache.velocity.runtime.log.Log4JLogChute
2016-07-28 18:07:59,097 - Using logger class org.apache.velocity.runtime.log.Log4JLogChute
2016-07-28 18:07:59,102 - ResourceLoader instantiated: org.apache.velocity.runtime.resource.loader.FileResourceLoader
2016-07-28 18:07:59,104 - Do unicode file recognition:  false
2016-07-28 18:07:59,104 - FileResourceLoader : adding path '.'
2016-07-28 18:07:59,116 - ResourceCache: initialized (class org.apache.velocity.runtime.resource.ResourceCacheImpl) with class java.util.Collections$SynchronizedMap cache map.
2016-07-28 18:07:59,118 - Loaded System Directive: org.apache.velocity.runtime.directive.Stop
2016-07-28 18:07:59,119 - Loaded System Directive: org.apache.velocity.runtime.directive.Define
2016-07-28 18:07:59,119 - Loaded System Directive: org.apache.velocity.runtime.directive.Break
2016-07-28 18:07:59,120 - Loaded System Directive: org.apache.velocity.runtime.directive.Evaluate
2016-07-28 18:07:59,122 - Loaded System Directive: org.apache.velocity.runtime.directive.Literal
2016-07-28 18:07:59,124 - Loaded System Directive: org.apache.velocity.runtime.directive.Macro
2016-07-28 18:07:59,125 - Loaded System Directive: org.apache.velocity.runtime.directive.Parse
2016-07-28 18:07:59,126 - Loaded System Directive: org.apache.velocity.runtime.directive.Include
2016-07-28 18:07:59,127 - Loaded System Directive: org.apache.velocity.runtime.directive.Foreach
2016-07-28 18:07:59,155 - Created '20' parsers.
2016-07-28 18:07:59,159 - Velocimacro : "velocimacro.library" is not set.  Trying default library: VM_global_library.vm
2016-07-28 18:07:59,159 - Velocimacro : Default library not found.
2016-07-28 18:07:59,159 - Velocimacro : allowInline = true : VMs can be defined inline in templates
2016-07-28 18:07:59,159 - Velocimacro : allowInlineToOverride = false : VMs defined inline may NOT replace previous VM definitions
2016-07-28 18:07:59,159 - Velocimacro : allowInlineLocal = false : VMs defined inline will be global in scope if allowed.
2016-07-28 18:07:59,159 - Velocimacro : autoload off : VM system will not automatically reload global library macros
2016-07-28 18:07:59,160 - ResourceManager : unable to find resource 'create_table.vm' in any resource loader.
2016-07-28 18:08:38,720 - Log4JLogChute initialized using file 'velocity.log'
2016-07-28 18:08:38,722 - Initializing Velocity, Calling init()...
2016-07-28 18:08:38,722 - Starting Apache Velocity v1.7 (compiled: 2010-11-19 12:14:37)
2016-07-28 18:08:38,725 - Default Properties File: org/apache/velocity/runtime/defaults/velocity.properties
2016-07-28 18:08:38,725 - Trying to use logger class org.apache.velocity.runtime.log.AvalonLogChute
2016-07-28 18:08:38,725 - Target log system for org.apache.velocity.runtime.log.AvalonLogChute is not available (java.lang.NoClassDefFoundError: org/apache/log/format/Formatter).  Falling back to next log system...
2016-07-28 18:08:38,725 - Trying to use logger class org.apache.velocity.runtime.log.Log4JLogChute
2016-07-28 18:08:38,725 - Using logger class org.apache.velocity.runtime.log.Log4JLogChute
2016-07-28 18:08:38,730 - ResourceLoader instantiated: org.apache.velocity.runtime.resource.loader.FileResourceLoader
2016-07-28 18:08:38,732 - Do unicode file recognition:  false
2016-07-28 18:08:38,732 - FileResourceLoader : adding path '.'
2016-07-28 18:08:38,742 - ResourceCache: initialized (class org.apache.velocity.runtime.resource.ResourceCacheImpl) with class java.util.Collections$SynchronizedMap cache map.
2016-07-28 18:08:38,743 - Loaded System Directive: org.apache.velocity.runtime.directive.Stop
2016-07-28 18:08:38,744 - Loaded System Directive: org.apache.velocity.runtime.directive.Define
2016-07-28 18:08:38,745 - Loaded System Directive: org.apache.velocity.runtime.directive.Break
2016-07-28 18:08:38,745 - Loaded System Directive: org.apache.velocity.runtime.directive.Evaluate
2016-07-28 18:08:38,746 - Loaded System Directive: org.apache.velocity.runtime.directive.Literal
2016-07-28 18:08:38,746 - Loaded System Directive: org.apache.velocity.runtime.directive.Macro
2016-07-28 18:08:38,747 - Loaded System Directive: org.apache.velocity.runtime.directive.Parse
2016-07-28 18:08:38,748 - Loaded System Directive: org.apache.velocity.runtime.directive.Include
2016-07-28 18:08:38,749 - Loaded System Directive: org.apache.velocity.runtime.directive.Foreach
2016-07-28 18:08:38,778 - Created '20' parsers.
2016-07-28 18:08:38,784 - Velocimacro : "velocimacro.library" is not set.  Trying default library: VM_global_library.vm
2016-07-28 18:08:38,784 - Velocimacro : Default library not found.
2016-07-28 18:08:38,784 - Velocimacro : allowInline = true : VMs can be defined inline in templates
2016-07-28 18:08:38,784 - Velocimacro : allowInlineToOverride = false : VMs defined inline may NOT replace previous VM definitions
2016-07-28 18:08:38,784 - Velocimacro : allowInlineLocal = false : VMs defined inline will be global in scope if allowed.
2016-07-28 18:08:38,785 - Velocimacro : autoload off : VM system will not automatically reload global library macros
2016-07-28 18:08:38,786 - ResourceManager : unable to find resource 'create_table.vm' in any resource loader.
2016-07-28 18:08:52,857 - Log4JLogChute initialized using file 'velocity.log'
2016-07-28 18:08:52,857 - Initializing Velocity, Calling init()...
2016-07-28 18:08:52,857 - Starting Apache Velocity v1.7 (compiled: 2010-11-19 12:14:37)
2016-07-28 18:08:52,858 - Default Properties File: org/apache/velocity/runtime/defaults/velocity.properties
2016-07-28 18:08:52,858 - Trying to use logger class org.apache.velocity.runtime.log.AvalonLogChute
2016-07-28 18:08:52,858 - Target log system for org.apache.velocity.runtime.log.AvalonLogChute is not available (java.lang.NoClassDefFoundError: org/apache/log/format/Formatter).  Falling back to next log system...
2016-07-28 18:08:52,858 - Trying to use logger class org.apache.velocity.runtime.log.Log4JLogChute
2016-07-28 18:08:52,858 - Using logger class org.apache.velocity.runtime.log.Log4JLogChute
2016-07-28 18:08:52,869 - ResourceLoader instantiated: org.apache.velocity.runtime.resource.loader.FileResourceLoader
2016-07-28 18:08:52,870 - Do unicode file recognition:  false
2016-07-28 18:08:52,870 - FileResourceLoader : adding path '.'
2016-07-28 18:08:52,881 - ResourceCache: initialized (class org.apache.velocity.runtime.resource.ResourceCacheImpl) with class java.util.Collections$SynchronizedMap cache map.
2016-07-28 18:08:52,882 - Loaded System Directive: org.apache.velocity.runtime.directive.Stop
2016-07-28 18:08:52,883 - Loaded System Directive: org.apache.velocity.runtime.directive.Define
2016-07-28 18:08:52,884 - Loaded System Directive: org.apache.velocity.runtime.directive.Break
2016-07-28 18:08:52,885 - Loaded System Directive: org.apache.velocity.runtime.directive.Evaluate
2016-07-28 18:08:52,885 - Loaded System Directive: org.apache.velocity.runtime.directive.Literal
2016-07-28 18:08:52,886 - Loaded System Directive: org.apache.velocity.runtime.directive.Macro
2016-07-28 18:08:52,887 - Loaded System Directive: org.apache.velocity.runtime.directive.Parse
2016-07-28 18:08:52,888 - Loaded System Directive: org.apache.velocity.runtime.directive.Include
2016-07-28 18:08:52,889 - Loaded System Directive: org.apache.velocity.runtime.directive.Foreach
2016-07-28 18:08:52,913 - Created '20' parsers.
2016-07-28 18:08:52,918 - Velocimacro : "velocimacro.library" is not set.  Trying default library: VM_global_library.vm
2016-07-28 18:08:52,919 - Velocimacro : Default library not found.
2016-07-28 18:08:52,919 - Velocimacro : allowInline = true : VMs can be defined inline in templates
2016-07-28 18:08:52,919 - Velocimacro : allowInlineToOverride = false : VMs defined inline may NOT replace previous VM definitions
2016-07-28 18:08:52,919 - Velocimacro : allowInlineLocal = false : VMs defined inline will be global in scope if allowed.
2016-07-28 18:08:52,919 - Velocimacro : autoload off : VM system will not automatically reload global library macros
2016-07-28 18:17:57,457 - Log4JLogChute initialized using file 'velocity.log'
2016-07-28 18:17:57,459 - Initializing Velocity, Calling init()...
2016-07-28 18:17:57,459 - Starting Apache Velocity v1.7 (compiled: 2010-11-19 12:14:37)
2016-07-28 18:17:57,459 - Default Properties File: org/apache/velocity/runtime/defaults/velocity.properties
2016-07-28 18:17:57,459 - Trying to use logger class org.apache.velocity.runtime.log.AvalonLogChute
2016-07-28 18:17:57,459 - Target log system for org.apache.velocity.runtime.log.AvalonLogChute is not available (java.lang.NoClassDefFoundError: org/apache/log/format/Formatter).  Falling back to next log system...
2016-07-28 18:17:57,459 - Trying to use logger class org.apache.velocity.runtime.log.Log4JLogChute
2016-07-28 18:17:57,459 - Using logger class org.apache.velocity.runtime.log.Log4JLogChute
2016-07-28 18:17:57,470 - ResourceLoader instantiated: org.apache.velocity.runtime.resource.loader.FileResourceLoader
2016-07-28 18:17:57,472 - Do unicode file recognition:  false
2016-07-28 18:17:57,472 - FileResourceLoader : adding path '.'
2016-07-28 18:17:57,484 - ResourceCache: initialized (class org.apache.velocity.runtime.resource.ResourceCacheImpl) with class java.util.Collections$SynchronizedMap cache map.
2016-07-28 18:17:57,485 - Loaded System Directive: org.apache.velocity.runtime.directive.Stop
2016-07-28 18:17:57,486 - Loaded System Directive: org.apache.velocity.runtime.directive.Define
2016-07-28 18:17:57,487 - Loaded System Directive: org.apache.velocity.runtime.directive.Break
2016-07-28 18:17:57,488 - Loaded System Directive: org.apache.velocity.runtime.directive.Evaluate
2016-07-28 18:17:57,488 - Loaded System Directive: org.apache.velocity.runtime.directive.Literal
2016-07-28 18:17:57,489 - Loaded System Directive: org.apache.velocity.runtime.directive.Macro
2016-07-28 18:17:57,490 - Loaded System Directive: org.apache.velocity.runtime.directive.Parse
2016-07-28 18:17:57,491 - Loaded System Directive: org.apache.velocity.runtime.directive.Include
2016-07-28 18:17:57,492 - Loaded System Directive: org.apache.velocity.runtime.directive.Foreach
2016-07-28 18:17:57,518 - Created '20' parsers.
2016-07-28 18:17:57,526 - Velocimacro : "velocimacro.library" is not set.  Trying default library: VM_global_library.vm
2016-07-28 18:17:57,526 - Velocimacro : Default library not found.
2016-07-28 18:17:57,526 - Velocimacro : allowInline = true : VMs can be defined inline in templates
2016-07-28 18:17:57,526 - Velocimacro : allowInlineToOverride = false : VMs defined inline may NOT replace previous VM definitions
2016-07-28 18:17:57,526 - Velocimacro : allowInlineLocal = false : VMs defined inline will be global in scope if allowed.
2016-07-28 18:17:57,526 - Velocimacro : autoload off : VM system will not automatically reload global library macros
2016-07-28 18:18:01,312 - ResourceManager : unable to find resource 'create_table.vm' in any resource loader.
2016-07-28 18:19:24,391 - Log4JLogChute initialized using file 'velocity.log'
2016-07-28 18:19:24,394 - Initializing Velocity, Calling init()...
2016-07-28 18:19:24,394 - Starting Apache Velocity v1.7 (compiled: 2010-11-19 12:14:37)
2016-07-28 18:19:24,394 - Default Properties File: org/apache/velocity/runtime/defaults/velocity.properties
2016-07-28 18:19:24,394 - Trying to use logger class org.apache.velocity.runtime.log.AvalonLogChute
2016-07-28 18:19:24,394 - Target log system for org.apache.velocity.runtime.log.AvalonLogChute is not available (java.lang.NoClassDefFoundError: org/apache/log/format/Formatter).  Falling back to next log system...
2016-07-28 18:19:24,394 - Trying to use logger class org.apache.velocity.runtime.log.Log4JLogChute
2016-07-28 18:19:24,394 - Using logger class org.apache.velocity.runtime.log.Log4JLogChute
2016-07-28 18:19:24,405 - ResourceLoader instantiated: org.apache.velocity.runtime.resource.loader.FileResourceLoader
2016-07-28 18:19:24,406 - Do unicode file recognition:  false
2016-07-28 18:19:24,407 - FileResourceLoader : adding path '.'
2016-07-28 18:19:24,419 - ResourceCache: initialized (class org.apache.velocity.runtime.resource.ResourceCacheImpl) with class java.util.Collections$SynchronizedMap cache map.
2016-07-28 18:19:24,421 - Loaded System Directive: org.apache.velocity.runtime.directive.Stop
2016-07-28 18:19:24,422 - Loaded System Directive: org.apache.velocity.runtime.directive.Define
2016-07-28 18:19:24,423 - Loaded System Directive: org.apache.velocity.runtime.directive.Break
2016-07-28 18:19:24,423 - Loaded System Directive: org.apache.velocity.runtime.directive.Evaluate
2016-07-28 18:19:24,424 - Loaded System Directive: org.apache.velocity.runtime.directive.Literal
2016-07-28 18:19:24,425 - Loaded System Directive: org.apache.velocity.runtime.directive.Macro
2016-07-28 18:19:24,426 - Loaded System Directive: org.apache.velocity.runtime.directive.Parse
2016-07-28 18:19:24,428 - Loaded System Directive: org.apache.velocity.runtime.directive.Include
2016-07-28 18:19:24,429 - Loaded System Directive: org.apache.velocity.runtime.directive.Foreach
2016-07-28 18:19:24,457 - Created '20' parsers.
2016-07-28 18:19:24,463 - Velocimacro : "velocimacro.library" is not set.  Trying default library: VM_global_library.vm
2016-07-28 18:19:24,463 - Velocimacro : Default library not found.
2016-07-28 18:19:24,463 - Velocimacro : allowInline = true : VMs can be defined inline in templates
2016-07-28 18:19:24,463 - Velocimacro : allowInlineToOverride = false : VMs defined inline may NOT replace previous VM definitions
2016-07-28 18:19:24,463 - Velocimacro : allowInlineLocal = false : VMs defined inline will be global in scope if allowed.
2016-07-28 18:19:24,464 - Velocimacro : autoload off : VM system will not automatically reload global library macros
2016-07-28 18:19:28,890 - ResourceManager : unable to find resource 'create_table.vm' in any resource loader.
2016-07-28 18:19:46,423 - Log4JLogChute initialized using file 'velocity.log'
2016-07-28 18:19:46,423 - Initializing Velocity, Calling init()...
2016-07-28 18:19:46,423 - Starting Apache Velocity v1.7 (compiled: 2010-11-19 12:14:37)
2016-07-28 18:19:46,423 - Default Properties File: org/apache/velocity/runtime/defaults/velocity.properties
2016-07-28 18:19:46,423 - Trying to use logger class org.apache.velocity.runtime.log.AvalonLogChute
2016-07-28 18:19:46,423 - Target log system for org.apache.velocity.runtime.log.AvalonLogChute is not available (java.lang.NoClassDefFoundError: org/apache/log/format/Formatter).  Falling back to next log system...
2016-07-28 18:19:46,423 - Trying to use logger class org.apache.velocity.runtime.log.Log4JLogChute
2016-07-28 18:19:46,424 - Using logger class org.apache.velocity.runtime.log.Log4JLogChute
2016-07-28 18:19:46,435 - ResourceLoader instantiated: org.apache.velocity.runtime.resource.loader.FileResourceLoader
2016-07-28 18:19:46,437 - Do unicode file recognition:  false
2016-07-28 18:19:46,437 - FileResourceLoader : adding path '.'
2016-07-28 18:19:46,450 - ResourceCache: initialized (class org.apache.velocity.runtime.resource.ResourceCacheImpl) with class java.util.Collections$SynchronizedMap cache map.
2016-07-28 18:19:46,452 - Loaded System Directive: org.apache.velocity.runtime.directive.Stop
2016-07-28 18:19:46,453 - Loaded System Directive: org.apache.velocity.runtime.directive.Define
2016-07-28 18:19:46,453 - Loaded System Directive: org.apache.velocity.runtime.directive.Break
2016-07-28 18:19:46,454 - Loaded System Directive: org.apache.velocity.runtime.directive.Evaluate
2016-07-28 18:19:46,454 - Loaded System Directive: org.apache.velocity.runtime.directive.Literal
2016-07-28 18:19:46,455 - Loaded System Directive: org.apache.velocity.runtime.directive.Macro
2016-07-28 18:19:46,456 - Loaded System Directive: org.apache.velocity.runtime.directive.Parse
2016-07-28 18:19:46,457 - Loaded System Directive: org.apache.velocity.runtime.directive.Include
2016-07-28 18:19:46,458 - Loaded System Directive: org.apache.velocity.runtime.directive.Foreach
2016-07-28 18:19:46,485 - Created '20' parsers.
2016-07-28 18:19:46,490 - Velocimacro : "velocimacro.library" is not set.  Trying default library: VM_global_library.vm
2016-07-28 18:19:46,491 - Velocimacro : Default library not found.
2016-07-28 18:19:46,491 - Velocimacro : allowInline = true : VMs can be defined inline in templates
2016-07-28 18:19:46,491 - Velocimacro : allowInlineToOverride = false : VMs defined inline may NOT replace previous VM definitions
2016-07-28 18:19:46,491 - Velocimacro : allowInlineLocal = false : VMs defined inline will be global in scope if allowed.
2016-07-28 18:19:46,491 - Velocimacro : autoload off : VM system will not automatically reload global library macros
2016-07-28 18:19:48,576 - ResourceManager : unable to find resource 'create_table.vm' in any resource loader.
2016-07-28 18:22:12,861 - ResourceManager : unable to find resource 'create_table.vm' in any resource loader.
2016-07-28 18:23:21,652 - Log4JLogChute initialized using file 'velocity.log'
2016-07-28 18:23:21,653 - Initializing Velocity, Calling init()...
2016-07-28 18:23:21,653 - Starting Apache Velocity v1.7 (compiled: 2010-11-19 12:14:37)
2016-07-28 18:23:21,653 - Default Properties File: org/apache/velocity/runtime/defaults/velocity.properties
2016-07-28 18:23:21,653 - Trying to use logger class org.apache.velocity.runtime.log.AvalonLogChute
2016-07-28 18:23:21,653 - Target log system for org.apache.velocity.runtime.log.AvalonLogChute is not available (java.lang.NoClassDefFoundError: org/apache/log/format/Formatter).  Falling back to next log system...
2016-07-28 18:23:21,653 - Trying to use logger class org.apache.velocity.runtime.log.Log4JLogChute
2016-07-28 18:23:21,653 - Using logger class org.apache.velocity.runtime.log.Log4JLogChute
2016-07-28 18:23:21,662 - ResourceLoader instantiated: org.apache.velocity.runtime.resource.loader.FileResourceLoader
2016-07-28 18:23:21,665 - Do unicode file recognition:  false
2016-07-28 18:23:21,665 - FileResourceLoader : adding path '.'
2016-07-28 18:23:21,675 - ResourceCache: initialized (class org.apache.velocity.runtime.resource.ResourceCacheImpl) with class java.util.Collections$SynchronizedMap cache map.
2016-07-28 18:23:21,676 - Loaded System Directive: org.apache.velocity.runtime.directive.Stop
2016-07-28 18:23:21,677 - Loaded System Directive: org.apache.velocity.runtime.directive.Define
2016-07-28 18:23:21,678 - Loaded System Directive: org.apache.velocity.runtime.directive.Break
2016-07-28 18:23:21,678 - Loaded System Directive: org.apache.velocity.runtime.directive.Evaluate
2016-07-28 18:23:21,679 - Loaded System Directive: org.apache.velocity.runtime.directive.Literal
2016-07-28 18:23:21,680 - Loaded System Directive: org.apache.velocity.runtime.directive.Macro
2016-07-28 18:23:21,681 - Loaded System Directive: org.apache.velocity.runtime.directive.Parse
2016-07-28 18:23:21,682 - Loaded System Directive: org.apache.velocity.runtime.directive.Include
2016-07-28 18:23:21,683 - Loaded System Directive: org.apache.velocity.runtime.directive.Foreach
2016-07-28 18:23:21,708 - Created '20' parsers.
2016-07-28 18:23:21,714 - Velocimacro : "velocimacro.library" is not set.  Trying default library: VM_global_library.vm
2016-07-28 18:23:21,714 - Velocimacro : Default library not found.
2016-07-28 18:23:21,714 - Velocimacro : allowInline = true : VMs can be defined inline in templates
2016-07-28 18:23:21,714 - Velocimacro : allowInlineToOverride = false : VMs defined inline may NOT replace previous VM definitions
2016-07-28 18:23:21,714 - Velocimacro : allowInlineLocal = false : VMs defined inline will be global in scope if allowed.
2016-07-28 18:23:21,714 - Velocimacro : autoload off : VM system will not automatically reload global library macros
2016-07-28 18:23:24,538 - ResourceManager : unable to find resource 'create_table.vm' in any resource loader.
2016-07-28 18:26:40,113 - Log4JLogChute initialized using file 'velocity.log'
2016-07-28 18:26:40,113 - Initializing Velocity, Calling init()...
2016-07-28 18:26:40,113 - Starting Apache Velocity v1.7 (compiled: 2010-11-19 12:14:37)
2016-07-28 18:26:40,113 - Default Properties File: org/apache/velocity/runtime/defaults/velocity.properties
2016-07-28 18:26:40,113 - Trying to use logger class org.apache.velocity.runtime.log.AvalonLogChute
2016-07-28 18:26:40,113 - Target log system for org.apache.velocity.runtime.log.AvalonLogChute is not available (java.lang.NoClassDefFoundError: org/apache/log/format/Formatter).  Falling back to next log system...
2016-07-28 18:26:40,113 - Trying to use logger class org.apache.velocity.runtime.log.Log4JLogChute
2016-07-28 18:26:40,114 - Using logger class org.apache.velocity.runtime.log.Log4JLogChute
2016-07-28 18:26:40,121 - ResourceLoader instantiated: org.apache.velocity.runtime.resource.loader.ClasspathResourceLoader
2016-07-28 18:26:40,132 - ResourceCache: initialized (class org.apache.velocity.runtime.resource.ResourceCacheImpl) with class java.util.Collections$SynchronizedMap cache map.
2016-07-28 18:26:40,133 - Loaded System Directive: org.apache.velocity.runtime.directive.Stop
2016-07-28 18:26:40,134 - Loaded System Directive: org.apache.velocity.runtime.directive.Define
2016-07-28 18:26:40,135 - Loaded System Directive: org.apache.velocity.runtime.directive.Break
2016-07-28 18:26:40,135 - Loaded System Directive: org.apache.velocity.runtime.directive.Evaluate
2016-07-28 18:26:40,136 - Loaded System Directive: org.apache.velocity.runtime.directive.Literal
2016-07-28 18:26:40,137 - Loaded System Directive: org.apache.velocity.runtime.directive.Macro
2016-07-28 18:26:40,139 - Loaded System Directive: org.apache.velocity.runtime.directive.Parse
2016-07-28 18:26:40,140 - Loaded System Directive: org.apache.velocity.runtime.directive.Include
2016-07-28 18:26:40,141 - Loaded System Directive: org.apache.velocity.runtime.directive.Foreach
2016-07-28 18:26:40,165 - Created '20' parsers.
2016-07-28 18:26:40,170 - Velocimacro : "velocimacro.library" is not set.  Trying default library: VM_global_library.vm
2016-07-28 18:26:40,170 - Could not load resource 'VM_global_library.vm' from ResourceLoader org.apache.velocity.runtime.resource.loader.ClasspathResourceLoader: ClasspathResourceLoader Error: cannot find resource VM_global_library.vm
2016-07-28 18:26:40,170 - Velocimacro : Default library not found.
2016-07-28 18:26:40,170 - Velocimacro : allowInline = true : VMs can be defined inline in templates
2016-07-28 18:26:40,170 - Velocimacro : allowInlineToOverride = false : VMs defined inline may NOT replace previous VM definitions
2016-07-28 18:26:40,170 - Velocimacro : allowInlineLocal = false : VMs defined inline will be global in scope if allowed.
2016-07-28 18:26:40,170 - Velocimacro : autoload off : VM system will not automatically reload global library macros
2016-07-28 18:26:42,293 - ResourceManager : found create_table.vm with loader org.apache.velocity.runtime.resource.loader.ClasspathResourceLoader
